<?xml version="1.0" encoding="UTF-8"?>
<testsuite xmlns:xsi="http://www.w3.org/2001/XMLSchema-instance" xsi:noNamespaceSchemaLocation="https://maven.apache.org/surefire/maven-surefire-plugin/xsd/surefire-test-report-3.0.xsd" version="3.0" name="testrunners.MyTestRunner" time="68.857" tests="2" errors="0" skipped="0" failures="0">
  <properties>
[...]
</properties>
  <testcase name="Jobseeker searches for jobs using preferences and sorts by newest date" classname="NHS Jobs Search Functionality" time="41.165">
    <system-out><![CDATA[
@regression @positive
Scenario: Jobseeker searches for jobs using preferences and sorts by newest date &amp#27;[90m# src/test/resources/AppFeatures/SearchPage.feature:7&amp#27;[0m
browser value is: chrome
  &amp#27;[32mGiven &amp#27;[0m&amp#27;[32mI am on the NHS Jobs search page&amp#27;[0m                                         &amp#27;[90m# stepdefinitions.SearchSteps.openSearchPage()&amp#27;[0m
Entering search keyword: nurse
Entering location: London
  &amp#27;[32mWhen &amp#27;[0m&amp#27;[32mI enter my preferences like &amp#27;[0m&amp#27;[32m&amp#27;[1m"nurse"&amp#27;[0m&amp#27;[32m in keyword and &amp#27;[0m&amp#27;[32m&amp#27;[1m"London"&amp#27;[0m&amp#27;[32m in location&amp#27;[0m   &amp#27;[90m# stepdefinitions.SearchSteps.enterPreferences(java.lang.String,java.lang.String)&amp#27;[0m
Clicking on the Search button
  &amp#27;[32mAnd &amp#27;[0m&amp#27;[32mI click on the search button&amp#27;[0m                                               &amp#27;[90m# stepdefinitions.SearchSteps.clickSearchButton()&amp#27;[0m
Waiting for job results to appear...
Job results found: 1
  &amp#27;[32mThen &amp#27;[0m&amp#27;[32mI should see a list of jobs that match my preferences&amp#27;[0m                     &amp#27;[90m# stepdefinitions.SearchSteps.verifyJobResults()&amp#27;[0m
Selecting 'Date Posted (newest)' from sort dropdown
Sort option applied successfully
Extracted dates:
2025-06-26
2025-06-26
2025-06-26
2025-06-26
2025-06-26
2025-06-26
2025-06-26
2025-06-26
2025-06-26
2025-06-26
  &amp#27;[32mAnd &amp#27;[0m&amp#27;[32mthe results should be sorted by the newest Date Posted&amp#27;[0m                     &amp#27;[90m# stepdefinitions.SearchSteps.verifySortedByNewestDate()&amp#27;[0m
]]></system-out>
    <system-err><![CDATA[SLF4J(W): No SLF4J providers were found.
SLF4J(W): Defaulting to no-operation (NOP) logger implementation
SLF4J(W): See https://www.slf4j.org/codes.html#noProviders for further details.
Jun 27, 2025 9:26:16 AM org.openqa.selenium.devtools.CdpVersionFinder findNearestMatch
WARNING: Unable to find CDP implementation matching 138
Jun 27, 2025 9:26:16 AM org.openqa.selenium.chromium.ChromiumDriver lambda$new$5
WARNING: Unable to find version of CDP to use for 138.0.7204.50. You may need to include a dependency on a specific version of the CDP using something similar to `org.seleniumhq.selenium:selenium-devtools-v86:4.21.0` where the version ("v86") matches the version of the chromium-based browser you're using and the version number of the artifact is the same as Selenium's.
]]></system-err>
  </testcase>
  <testcase name="Jobseeker enters invalid characters in keyword and location fields" classname="NHS Jobs Search Functionality" time="24.943">
    <system-out><![CDATA[
@regression @negative
Scenario: Jobseeker enters invalid characters in keyword and location fields &amp#27;[90m# src/test/resources/AppFeatures/SearchPage.feature:14&amp#27;[0m
browser value is: chrome
  &amp#27;[32mGiven &amp#27;[0m&amp#27;[32mI am on the NHS Jobs search page&amp#27;[0m                                     &amp#27;[90m# stepdefinitions.SearchSteps.openSearchPage()&amp#27;[0m
Entering search keyword: @#$%
Entering location: 
  &amp#27;[32mWhen &amp#27;[0m&amp#27;[32mI enter my preferences like &amp#27;[0m&amp#27;[32m&amp#27;[1m"@#$%"&amp#27;[0m&amp#27;[32m in keyword and &amp#27;[0m&amp#27;[32m&amp#27;[1m""&amp#27;[0m&amp#27;[32m in location&amp#27;[0m      &amp#27;[90m# stepdefinitions.SearchSteps.enterPreferences(java.lang.String,java.lang.String)&amp#27;[0m
Clicking on the Search button
  &amp#27;[32mAnd &amp#27;[0m&amp#27;[32mI click on the search button&amp#27;[0m                                           &amp#27;[90m# stepdefinitions.SearchSteps.clickSearchButton()&amp#27;[0m
Checking for 'No results' or invalid search message...
  &amp#27;[32mThen &amp#27;[0m&amp#27;[32mI should see a message or no results indicating invalid search&amp#27;[0m        &amp#27;[90m# stepdefinitions.SearchSteps.verifyNoResultsOrErrorShown()&amp#27;[0m
]]></system-out>
    <system-err><![CDATA[Jun 27, 2025 9:26:51 AM org.openqa.selenium.devtools.CdpVersionFinder findNearestMatch
WARNING: Unable to find CDP implementation matching 138
Jun 27, 2025 9:26:51 AM org.openqa.selenium.chromium.ChromiumDriver lambda$new$5
WARNING: Unable to find version of CDP to use for 138.0.7204.50. You may need to include a dependency on a specific version of the CDP using something similar to `org.seleniumhq.selenium:selenium-devtools-v86:4.21.0` where the version ("v86") matches the version of the chromium-based browser you're using and the version number of the artifact is the same as Selenium's.
]]></system-err>
  </testcase>
</testsuite>